DEBUG main org.jboss.logging - Logging Provider: org.jboss.logging.Log4jLoggerProvider
DEBUG main org.hibernate.type.BasicTypeRegistry - Adding type registration boolean -> org.hibernate.type.BooleanType@626b2d4a
DEBUG main org.hibernate.type.BasicTypeRegistry - Adding type registration boolean -> org.hibernate.type.BooleanType@626b2d4a
DEBUG main org.hibernate.type.BasicTypeRegistry - Adding type registration java.lang.Boolean -> org.hibernate.type.BooleanType@626b2d4a
DEBUG main org.hibernate.type.BasicTypeRegistry - Adding type registration numeric_boolean -> org.hibernate.type.NumericBooleanType@5e265ba4
DEBUG main org.hibernate.type.BasicTypeRegistry - Adding type registration true_false -> org.hibernate.type.TrueFalseType@182decdb
DEBUG main org.hibernate.type.BasicTypeRegistry - Adding type registration yes_no -> org.hibernate.type.YesNoType@53bd815b
DEBUG main org.hibernate.type.BasicTypeRegistry - Adding type registration byte -> org.hibernate.type.ByteType@39ed3c8d
DEBUG main org.hibernate.type.BasicTypeRegistry - Adding type registration byte -> org.hibernate.type.ByteType@39ed3c8d
DEBUG main org.hibernate.type.BasicTypeRegistry - Adding type registration java.lang.Byte -> org.hibernate.type.ByteType@39ed3c8d
DEBUG main org.hibernate.type.BasicTypeRegistry - Adding type registration character -> org.hibernate.type.CharacterType@73a28541
DEBUG main org.hibernate.type.BasicTypeRegistry - Adding type registration char -> org.hibernate.type.CharacterType@73a28541
DEBUG main org.hibernate.type.BasicTypeRegistry - Adding type registration java.lang.Character -> org.hibernate.type.CharacterType@73a28541
DEBUG main org.hibernate.type.BasicTypeRegistry - Adding type registration short -> org.hibernate.type.ShortType@200a570f
DEBUG main org.hibernate.type.BasicTypeRegistry - Adding type registration short -> org.hibernate.type.ShortType@200a570f
DEBUG main org.hibernate.type.BasicTypeRegistry - Adding type registration java.lang.Short -> org.hibernate.type.ShortType@200a570f
DEBUG main org.hibernate.type.BasicTypeRegistry - Adding type registration integer -> org.hibernate.type.IntegerType@3b22cdd0
DEBUG main org.hibernate.type.BasicTypeRegistry - Adding type registration int -> org.hibernate.type.IntegerType@3b22cdd0
DEBUG main org.hibernate.type.BasicTypeRegistry - Adding type registration java.lang.Integer -> org.hibernate.type.IntegerType@3b22cdd0
DEBUG main org.hibernate.type.BasicTypeRegistry - Adding type registration long -> org.hibernate.type.LongType@7960847b
DEBUG main org.hibernate.type.BasicTypeRegistry - Adding type registration long -> org.hibernate.type.LongType@7960847b
DEBUG main org.hibernate.type.BasicTypeRegistry - Adding type registration java.lang.Long -> org.hibernate.type.LongType@7960847b
DEBUG main org.hibernate.type.BasicTypeRegistry - Adding type registration float -> org.hibernate.type.FloatType@311d617d
DEBUG main org.hibernate.type.BasicTypeRegistry - Adding type registration float -> org.hibernate.type.FloatType@311d617d
DEBUG main org.hibernate.type.BasicTypeRegistry - Adding type registration java.lang.Float -> org.hibernate.type.FloatType@311d617d
DEBUG main org.hibernate.type.BasicTypeRegistry - Adding type registration double -> org.hibernate.type.DoubleType@2aae9190
DEBUG main org.hibernate.type.BasicTypeRegistry - Adding type registration double -> org.hibernate.type.DoubleType@2aae9190
DEBUG main org.hibernate.type.BasicTypeRegistry - Adding type registration java.lang.Double -> org.hibernate.type.DoubleType@2aae9190
DEBUG main org.hibernate.type.BasicTypeRegistry - Adding type registration big_decimal -> org.hibernate.type.BigDecimalType@1f89ab83
DEBUG main org.hibernate.type.BasicTypeRegistry - Adding type registration java.math.BigDecimal -> org.hibernate.type.BigDecimalType@1f89ab83
DEBUG main org.hibernate.type.BasicTypeRegistry - Adding type registration big_integer -> org.hibernate.type.BigIntegerType@6bc168e5
DEBUG main org.hibernate.type.BasicTypeRegistry - Adding type registration java.math.BigInteger -> org.hibernate.type.BigIntegerType@6bc168e5
DEBUG main org.hibernate.type.BasicTypeRegistry - Adding type registration string -> org.hibernate.type.StringType@3caeaf62
DEBUG main org.hibernate.type.BasicTypeRegistry - Adding type registration java.lang.String -> org.hibernate.type.StringType@3caeaf62
DEBUG main org.hibernate.type.BasicTypeRegistry - Adding type registration nstring -> org.hibernate.type.StringNVarcharType@67f89fa3
DEBUG main org.hibernate.type.BasicTypeRegistry - Adding type registration ncharacter -> org.hibernate.type.CharacterNCharType@3d04a311
DEBUG main org.hibernate.type.BasicTypeRegistry - Adding type registration url -> org.hibernate.type.UrlType@2ff5659e
DEBUG main org.hibernate.type.BasicTypeRegistry - Adding type registration java.net.URL -> org.hibernate.type.UrlType@2ff5659e
DEBUG main org.hibernate.type.BasicTypeRegistry - Adding type registration date -> org.hibernate.type.DateType@4f47d241
DEBUG main org.hibernate.type.BasicTypeRegistry - Adding type registration java.sql.Date -> org.hibernate.type.DateType@4f47d241
DEBUG main org.hibernate.type.BasicTypeRegistry - Adding type registration time -> org.hibernate.type.TimeType@64b8f8f4
DEBUG main org.hibernate.type.BasicTypeRegistry - Adding type registration java.sql.Time -> org.hibernate.type.TimeType@64b8f8f4
DEBUG main org.hibernate.type.BasicTypeRegistry - Adding type registration timestamp -> org.hibernate.type.TimestampType@6d1e7682
DEBUG main org.hibernate.type.BasicTypeRegistry - Adding type registration java.sql.Timestamp -> org.hibernate.type.TimestampType@6d1e7682
DEBUG main org.hibernate.type.BasicTypeRegistry - Adding type registration java.util.Date -> org.hibernate.type.TimestampType@6d1e7682
DEBUG main org.hibernate.type.BasicTypeRegistry - Adding type registration dbtimestamp -> org.hibernate.type.DbTimestampType@16b4a017
DEBUG main org.hibernate.type.BasicTypeRegistry - Adding type registration calendar -> org.hibernate.type.CalendarType@3ada9e37
DEBUG main org.hibernate.type.BasicTypeRegistry - Adding type registration java.util.Calendar -> org.hibernate.type.CalendarType@3ada9e37
DEBUG main org.hibernate.type.BasicTypeRegistry - Adding type registration java.util.GregorianCalendar -> org.hibernate.type.CalendarType@3ada9e37
DEBUG main org.hibernate.type.BasicTypeRegistry - Adding type registration calendar_date -> org.hibernate.type.CalendarDateType@63e31ee
DEBUG main org.hibernate.type.BasicTypeRegistry - Adding type registration locale -> org.hibernate.type.LocaleType@574caa3f
DEBUG main org.hibernate.type.BasicTypeRegistry - Adding type registration java.util.Locale -> org.hibernate.type.LocaleType@574caa3f
DEBUG main org.hibernate.type.BasicTypeRegistry - Adding type registration currency -> org.hibernate.type.CurrencyType@27abe2cd
DEBUG main org.hibernate.type.BasicTypeRegistry - Adding type registration java.util.Currency -> org.hibernate.type.CurrencyType@27abe2cd
DEBUG main org.hibernate.type.BasicTypeRegistry - Adding type registration timezone -> org.hibernate.type.TimeZoneType@1517365b
DEBUG main org.hibernate.type.BasicTypeRegistry - Adding type registration java.util.TimeZone -> org.hibernate.type.TimeZoneType@1517365b
DEBUG main org.hibernate.type.BasicTypeRegistry - Adding type registration class -> org.hibernate.type.ClassType@65e579dc
DEBUG main org.hibernate.type.BasicTypeRegistry - Adding type registration java.lang.Class -> org.hibernate.type.ClassType@65e579dc
DEBUG main org.hibernate.type.BasicTypeRegistry - Adding type registration uuid-binary -> org.hibernate.type.UUIDBinaryType@7bfcd12c
DEBUG main org.hibernate.type.BasicTypeRegistry - Adding type registration java.util.UUID -> org.hibernate.type.UUIDBinaryType@7bfcd12c
DEBUG main org.hibernate.type.BasicTypeRegistry - Adding type registration uuid-char -> org.hibernate.type.UUIDCharType@5b1d2887
DEBUG main org.hibernate.type.BasicTypeRegistry - Adding type registration pg-uuid -> org.hibernate.type.PostgresUUIDType@5a42bbf4
DEBUG main org.hibernate.type.BasicTypeRegistry - Adding type registration binary -> org.hibernate.type.BinaryType@769c9116
DEBUG main org.hibernate.type.BasicTypeRegistry - Adding type registration byte[] -> org.hibernate.type.BinaryType@769c9116
DEBUG main org.hibernate.type.BasicTypeRegistry - Adding type registration [B -> org.hibernate.type.BinaryType@769c9116
DEBUG main org.hibernate.type.BasicTypeRegistry - Adding type registration wrapper-binary -> org.hibernate.type.WrapperBinaryType@4c75cab9
DEBUG main org.hibernate.type.BasicTypeRegistry - Adding type registration Byte[] -> org.hibernate.type.WrapperBinaryType@4c75cab9
DEBUG main org.hibernate.type.BasicTypeRegistry - Adding type registration [Ljava.lang.Byte; -> org.hibernate.type.WrapperBinaryType@4c75cab9
DEBUG main org.hibernate.type.BasicTypeRegistry - Adding type registration image -> org.hibernate.type.ImageType@2471cca7
DEBUG main org.hibernate.type.BasicTypeRegistry - Adding type registration characters -> org.hibernate.type.CharArrayType@d70c109
DEBUG main org.hibernate.type.BasicTypeRegistry - Adding type registration char[] -> org.hibernate.type.CharArrayType@d70c109
DEBUG main org.hibernate.type.BasicTypeRegistry - Adding type registration [C -> org.hibernate.type.CharArrayType@d70c109
DEBUG main org.hibernate.type.BasicTypeRegistry - Adding type registration wrapper-characters -> org.hibernate.type.CharacterArrayType@2d6a9952
DEBUG main org.hibernate.type.BasicTypeRegistry - Adding type registration [Ljava.lang.Character; -> org.hibernate.type.CharacterArrayType@2d6a9952
DEBUG main org.hibernate.type.BasicTypeRegistry - Adding type registration Character[] -> org.hibernate.type.CharacterArrayType@2d6a9952
DEBUG main org.hibernate.type.BasicTypeRegistry - Adding type registration text -> org.hibernate.type.TextType@1ff8b8f
DEBUG main org.hibernate.type.BasicTypeRegistry - Adding type registration ntext -> org.hibernate.type.NTextType@2ac1fdc4
DEBUG main org.hibernate.type.BasicTypeRegistry - Adding type registration blob -> org.hibernate.type.BlobType@63d4e2ba
DEBUG main org.hibernate.type.BasicTypeRegistry - Adding type registration java.sql.Blob -> org.hibernate.type.BlobType@63d4e2ba
DEBUG main org.hibernate.type.BasicTypeRegistry - Adding type registration materialized_blob -> org.hibernate.type.MaterializedBlobType@7006c658
DEBUG main org.hibernate.type.BasicTypeRegistry - Adding type registration clob -> org.hibernate.type.ClobType@649d209a
DEBUG main org.hibernate.type.BasicTypeRegistry - Adding type registration java.sql.Clob -> org.hibernate.type.ClobType@649d209a
DEBUG main org.hibernate.type.BasicTypeRegistry - Adding type registration nclob -> org.hibernate.type.NClobType@4cdbe50f
DEBUG main org.hibernate.type.BasicTypeRegistry - Adding type registration java.sql.NClob -> org.hibernate.type.NClobType@4cdbe50f
DEBUG main org.hibernate.type.BasicTypeRegistry - Adding type registration materialized_clob -> org.hibernate.type.MaterializedClobType@7e0babb1
DEBUG main org.hibernate.type.BasicTypeRegistry - Adding type registration materialized_nclob -> org.hibernate.type.MaterializedNClobType@2ff4f00f
DEBUG main org.hibernate.type.BasicTypeRegistry - Adding type registration serializable -> org.hibernate.type.SerializableType@35bbe5e8
DEBUG main org.hibernate.type.BasicTypeRegistry - Adding type registration object -> org.hibernate.type.ObjectType@2752f6e2
DEBUG main org.hibernate.type.BasicTypeRegistry - Adding type registration java.lang.Object -> org.hibernate.type.ObjectType@2752f6e2
DEBUG main org.hibernate.type.BasicTypeRegistry - Adding type registration imm_date -> org.hibernate.type.AdaptedImmutableType@7c75222b
DEBUG main org.hibernate.type.BasicTypeRegistry - Adding type registration imm_time -> org.hibernate.type.AdaptedImmutableType@4c203ea1
DEBUG main org.hibernate.type.BasicTypeRegistry - Adding type registration imm_timestamp -> org.hibernate.type.AdaptedImmutableType@27f674d
DEBUG main org.hibernate.type.BasicTypeRegistry - Adding type registration imm_dbtimestamp -> org.hibernate.type.AdaptedImmutableType@1d251891
DEBUG main org.hibernate.type.BasicTypeRegistry - Adding type registration imm_calendar -> org.hibernate.type.AdaptedImmutableType@48140564
DEBUG main org.hibernate.type.BasicTypeRegistry - Adding type registration imm_calendar_date -> org.hibernate.type.AdaptedImmutableType@58ceff1
DEBUG main org.hibernate.type.BasicTypeRegistry - Adding type registration imm_binary -> org.hibernate.type.AdaptedImmutableType@7c30a502
DEBUG main org.hibernate.type.BasicTypeRegistry - Adding type registration imm_serializable -> org.hibernate.type.AdaptedImmutableType@49e4cb85
INFO main org.hibernate.annotations.common.Version - HCANN000001: Hibernate Commons Annotations {4.0.5.Final}
INFO main org.hibernate.Version - HHH000412: Hibernate Core {4.3.10.Final}
INFO main org.hibernate.cfg.Environment - HHH000206: hibernate.properties not found
INFO main org.hibernate.cfg.Environment - HHH000021: Bytecode provider name : javassist
DEBUG main org.hibernate.id.factory.internal.DefaultIdentifierGeneratorFactory - Registering IdentifierGenerator strategy [uuid2] -> [org.hibernate.id.UUIDGenerator]
DEBUG main org.hibernate.id.factory.internal.DefaultIdentifierGeneratorFactory - Registering IdentifierGenerator strategy [guid] -> [org.hibernate.id.GUIDGenerator]
DEBUG main org.hibernate.id.factory.internal.DefaultIdentifierGeneratorFactory - Registering IdentifierGenerator strategy [uuid] -> [org.hibernate.id.UUIDHexGenerator]
DEBUG main org.hibernate.id.factory.internal.DefaultIdentifierGeneratorFactory - Registering IdentifierGenerator strategy [uuid.hex] -> [org.hibernate.id.UUIDHexGenerator]
DEBUG main org.hibernate.id.factory.internal.DefaultIdentifierGeneratorFactory - Registering IdentifierGenerator strategy [hilo] -> [org.hibernate.id.TableHiLoGenerator]
DEBUG main org.hibernate.id.factory.internal.DefaultIdentifierGeneratorFactory - Registering IdentifierGenerator strategy [assigned] -> [org.hibernate.id.Assigned]
DEBUG main org.hibernate.id.factory.internal.DefaultIdentifierGeneratorFactory - Registering IdentifierGenerator strategy [identity] -> [org.hibernate.id.IdentityGenerator]
DEBUG main org.hibernate.id.factory.internal.DefaultIdentifierGeneratorFactory - Registering IdentifierGenerator strategy [select] -> [org.hibernate.id.SelectGenerator]
DEBUG main org.hibernate.id.factory.internal.DefaultIdentifierGeneratorFactory - Registering IdentifierGenerator strategy [sequence] -> [org.hibernate.id.SequenceGenerator]
DEBUG main org.hibernate.id.factory.internal.DefaultIdentifierGeneratorFactory - Registering IdentifierGenerator strategy [seqhilo] -> [org.hibernate.id.SequenceHiLoGenerator]
DEBUG main org.hibernate.id.factory.internal.DefaultIdentifierGeneratorFactory - Registering IdentifierGenerator strategy [increment] -> [org.hibernate.id.IncrementGenerator]
DEBUG main org.hibernate.id.factory.internal.DefaultIdentifierGeneratorFactory - Registering IdentifierGenerator strategy [foreign] -> [org.hibernate.id.ForeignGenerator]
DEBUG main org.hibernate.id.factory.internal.DefaultIdentifierGeneratorFactory - Registering IdentifierGenerator strategy [sequence-identity] -> [org.hibernate.id.SequenceIdentityGenerator]
DEBUG main org.hibernate.id.factory.internal.DefaultIdentifierGeneratorFactory - Registering IdentifierGenerator strategy [enhanced-sequence] -> [org.hibernate.id.enhanced.SequenceStyleGenerator]
DEBUG main org.hibernate.id.factory.internal.DefaultIdentifierGeneratorFactory - Registering IdentifierGenerator strategy [enhanced-table] -> [org.hibernate.id.enhanced.TableGenerator]
INFO main org.hibernate.cfg.Configuration - HHH000043: Configuring from resource: /hibernate.cfg.xml
INFO main org.hibernate.cfg.Configuration - HHH000040: Configuration resource: /hibernate.cfg.xml
DEBUG main org.hibernate.internal.util.xml.DTDEntityResolver - Trying to resolve system-id [http://www.hibernate.org/dtd/hibernate-configuration-3.0.dtd]
DEBUG main org.hibernate.internal.util.xml.DTDEntityResolver - Recognized hibernate namespace; attempting to resolve on classpath under org/hibernate/
DEBUG main org.hibernate.internal.util.xml.DTDEntityResolver - Located [http://www.hibernate.org/dtd/hibernate-configuration-3.0.dtd] in classpath
DEBUG main org.hibernate.cfg.Configuration - connection.driver_class=com.mysql.jdbc.Driver
DEBUG main org.hibernate.cfg.Configuration - connection.url=jdbc:mysql://localhost:3306/dbhibernate;create=true
DEBUG main org.hibernate.cfg.Configuration - connection.username=root
DEBUG main org.hibernate.cfg.Configuration - connection.password=1234
DEBUG main org.hibernate.cfg.Configuration - show_sql=true
DEBUG main org.hibernate.cfg.Configuration - connection.pool_size=2
DEBUG main org.hibernate.cfg.Configuration - current_session_context_class=thread
DEBUG main org.hibernate.cfg.Configuration - dialect=org.hibernate.dialect.MySQLDialect
INFO main org.hibernate.cfg.Configuration - HHH000041: Configured SessionFactory: null
DEBUG main org.hibernate.cfg.Configuration - Properties: {java.vendor=Oracle Corporation, show_sql=true, sun.java.launcher=SUN_STANDARD, hibernate.connection.url=jdbc:mysql://localhost:3306/dbhibernate;create=true, sun.management.compiler=HotSpot 64-Bit Tiered Compilers, os.name=Windows 8.1, sun.boot.class.path=C:\Program Files\Java\jdk1.8.0_101\jre\lib\resources.jar;C:\Program Files\Java\jdk1.8.0_101\jre\lib\rt.jar;C:\Program Files\Java\jdk1.8.0_101\jre\lib\sunrsasign.jar;C:\Program Files\Java\jdk1.8.0_101\jre\lib\jsse.jar;C:\Program Files\Java\jdk1.8.0_101\jre\lib\jce.jar;C:\Program Files\Java\jdk1.8.0_101\jre\lib\charsets.jar;C:\Program Files\Java\jdk1.8.0_101\jre\lib\jfr.jar;C:\Program Files\Java\jdk1.8.0_101\jre\classes, user.country.format=RO, hibernate.current_session_context_class=thread, sun.desktop=windows, java.vm.specification.vendor=Oracle Corporation, java.runtime.version=1.8.0_101-b13, user.name=CRISTINA, user.language.format=ro, connection.driver_class=com.mysql.jdbc.Driver, current_session_context_class=thread, user.language=en, sun.boot.library.path=C:\Program Files\Java\jdk1.8.0_101\jre\bin, dialect=org.hibernate.dialect.MySQLDialect, java.version=1.8.0_101, user.timezone=, sun.arch.data.model=64, java.endorsed.dirs=C:\Program Files\Java\jdk1.8.0_101\jre\lib\endorsed, sun.cpu.isalist=amd64, sun.jnu.encoding=Cp1252, file.encoding.pkg=sun.io, file.separator=\, java.specification.name=Java Platform API Specification, java.class.version=52.0, user.country=US, connection.url=jdbc:mysql://localhost:3306/dbhibernate;create=true, java.home=C:\Program Files\Java\jdk1.8.0_101\jre, java.vm.info=mixed mode, os.version=6.3, path.separator=;, connection.password=1234, java.vm.version=25.101-b13, hibernate.connection.password=1234, user.variant=, java.awt.printerjob=sun.awt.windows.WPrinterJob, sun.io.unicode.encoding=UnicodeLittle, awt.toolkit=sun.awt.windows.WToolkit, hibernate.connection.username=root, user.script=, user.home=C:\Users\CRISTINA, java.specification.vendor=Oracle Corporation, java.library.path=C:\Program Files\Java\jdk1.8.0_101\bin;C:\Windows\Sun\Java\bin;C:\Windows\system32;C:\Windows;C:/Program Files/Java/jdk1.8.0_101/bin/../jre/bin/server;C:/Program Files/Java/jdk1.8.0_101/bin/../jre/bin;C:/Program Files/Java/jdk1.8.0_101/bin/../jre/lib/amd64;C:\Program Files\NVIDIA GPU Computing Toolkit\CUDA\v8.0\bin;C:\Program Files\NVIDIA GPU Computing Toolkit\CUDA\v8.0\libnvvp;C:\Program Files\Microsoft HPC Pack 2012\Bin\;C:\ProgramData\Oracle\Java\javapath;C:\Program Files (x86)\Intel\iCLS Client\;C:\Program Files\Intel\iCLS Client\;C:\Windows\system32;C:\Windows;C:\Windows\System32\Wbem;C:\Windows\System32\WindowsPowerShell\v1.0\;C:\Program Files\Intel\Intel(R) Management Engine Components\DAL;C:\Program Files\Intel\Intel(R) Management Engine Components\IPT;C:\Program Files (x86)\Intel\Intel(R) Management Engine Components\DAL;C:\Program Files (x86)\Intel\Intel(R) Management Engine Components\IPT;C:\Program Files (x86)\GtkSharp\2.12\bin;C:\Users\CRISTINA\.dnx\bin;C:\Program Files\Microsoft DNX\Dnvm\;C:\Program Files\Microsoft SQL Server\130\Tools\Binn\;C:\Program Files (x86)\Skype\Phone\;C:\Program Files (x86)\Windows Kits\8.1\Windows Performance Toolkit\;C:\Program Files\TortoiseHg\;C:\Program Files\Microsoft SQL Server\Client SDK\ODBC\130\Tools\Binn\;C:\Program Files (x86)\Microsoft SQL Server\130\Tools\Binn\;C:\Program Files\Microsoft SQL Server\130\DTS\Binn\;C:\Program Files\Microsoft SQL Server\Client SDK\ODBC\110\Tools\Binn\;C:\Program Files (x86)\Microsoft SQL Server\120\Tools\Binn\;C:\Program Files\Microsoft SQL Server\120\Tools\Binn\;C:\Program Files\Microsoft SQL Server\120\DTS\Binn\;C:\Program Files (x86)\Microsoft SQL Server\120\Tools\Binn\ManagementStudio\;C:\Program Files (x86)\Microsoft SQL Server\120\DTS\Binn\;C:\Spin;C:\Xilinx92i\bin\nt;C:\Program Files\Apache\maven\bin;C:\Program Files\Apache\maven\bin;C:\Python27;C:\Program Files\MySQL\MySQL Workbench 6.3 CE;C:\Program Files\MySQL\MySQL Utilities 1.6\C:\Program Files\MySQL\MySQL Server 5.7\bin;C:\Program Files (x86)\NVIDIA Corporation\PhysX\Common;C:\Modeltech_xe_starter\win32xoem;C:\Users\CRISTINA\AppData\Local\atom\bin;C:\Users\CRISTINA\eclipse\jee-neon\eclipse;;., java.vendor.url=http://java.oracle.com/, hibernate.connection.driver_class=com.mysql.jdbc.Driver, connection.username=root, java.vm.vendor=Oracle Corporation, hibernate.dialect=org.hibernate.dialect.MySQLDialect, java.runtime.name=Java(TM) SE Runtime Environment, sun.java.command=com.example.employee.Test, java.class.path=D:\HIBERNATE PROJECT\HibernateExample\bin;D:\HIBERNATE PROJECT\hibernate-release-4.3.10.Final\lib\required\antlr-2.7.7.jar;D:\HIBERNATE PROJECT\hibernate-release-4.3.10.Final\lib\required\dom4j-1.6.1.jar;D:\HIBERNATE PROJECT\hibernate-release-4.3.10.Final\lib\required\hibernate-commons-annotations-4.0.5.Final.jar;D:\HIBERNATE PROJECT\hibernate-release-4.3.10.Final\lib\required\hibernate-core-4.3.10.Final.jar;D:\HIBERNATE PROJECT\hibernate-release-4.3.10.Final\lib\required\hibernate-jpa-2.1-api-1.0.0.Final.jar;D:\HIBERNATE PROJECT\hibernate-release-4.3.10.Final\lib\required\jandex-1.1.0.Final.jar;D:\HIBERNATE PROJECT\hibernate-release-4.3.10.Final\lib\required\javassist-3.18.1-GA.jar;D:\HIBERNATE PROJECT\hibernate-release-4.3.10.Final\lib\required\jboss-logging-3.1.3.GA.jar;D:\HIBERNATE PROJECT\hibernate-release-4.3.10.Final\lib\required\jboss-logging-annotations-1.2.0.Beta1.jar;D:\HIBERNATE PROJECT\hibernate-release-4.3.10.Final\lib\required\jboss-transaction-api_1.2_spec-1.0.0.Final.jar;D:\HIBERNATE PROJECT\hibernate-release-4.3.10.Final\lib\osgi\hibernate-osgi-4.3.10.Final.jar;D:\HIBERNATE PROJECT\hibernate-release-4.3.10.Final\lib\osgi\org.osgi.compendium-4.3.1.jar;D:\HIBERNATE PROJECT\hibernate-release-4.3.10.Final\lib\osgi\org.osgi.core-4.3.1.jar;D:\HIBERNATE PROJECT\hibernate-release-4.3.10.Final\lib\jpa-metamodel-generator\hibernate-jpamodelgen-4.3.10.Final.jar;D:\HIBERNATE PROJECT\hibernate-release-4.3.10.Final\lib\jpa\hibernate-entitymanager-4.3.10.Final.jar;D:\HIBERNATE PROJECT\hibernate-release-4.3.10.Final\lib\envers\hibernate-envers-4.3.10.Final.jar;D:\HIBERNATE PROJECT\hibernate-annotations-3.4.0.GA\hibernate-annotations.jar;D:\HIBERNATE PROJECT\hibernate-annotations-3.4.0.GA\lib\dom4j.jar;D:\HIBERNATE PROJECT\hibernate-annotations-3.4.0.GA\lib\ejb3-persistence.jar;D:\HIBERNATE PROJECT\hibernate-annotations-3.4.0.GA\lib\hibernate-commons-annotations.jar;D:\HIBERNATE PROJECT\hibernate-annotations-3.4.0.GA\lib\hibernate-core.jar;D:\HIBERNATE PROJECT\hibernate-annotations-3.4.0.GA\lib\slf4j-api.jar;D:\HIBERNATE PROJECT\hibernate-annotations-3.4.0.GA\lib\test\antlr.jar;D:\HIBERNATE PROJECT\hibernate-annotations-3.4.0.GA\lib\test\asm.jar;D:\HIBERNATE PROJECT\hibernate-annotations-3.4.0.GA\lib\test\asm-attrs.jar;D:\HIBERNATE PROJECT\hibernate-annotations-3.4.0.GA\lib\test\commons-collections.jar;D:\HIBERNATE PROJECT\hibernate-annotations-3.4.0.GA\lib\test\javassist.jar;D:\HIBERNATE PROJECT\hibernate-annotations-3.4.0.GA\lib\test\jta.jar;D:\HIBERNATE PROJECT\hibernate-annotations-3.4.0.GA\lib\test\junit.jar;D:\HIBERNATE PROJECT\hibernate-annotations-3.4.0.GA\lib\test\slf4j-log4j12.jar;D:\HIBERNATE PROJECT\mysql-connector-java-5.1.18.jar;D:\HIBERNATE PROJECT\log4j.jar, hibernate.bytecode.use_reflection_optimizer=false, java.vm.specification.name=Java Virtual Machine Specification, java.vm.specification.version=1.8, sun.cpu.endian=little, sun.os.patch.level=, connection.pool_size=2, java.io.tmpdir=C:\Users\CRISTINA\AppData\Local\Temp\, java.vendor.url.bug=http://bugreport.sun.com/bugreport/, os.arch=amd64, java.awt.graphicsenv=sun.awt.Win32GraphicsEnvironment, java.ext.dirs=C:\Program Files\Java\jdk1.8.0_101\jre\lib\ext;C:\Windows\Sun\Java\lib\ext, user.dir=D:\HIBERNATE PROJECT\HibernateExample, line.separator=
, java.vm.name=Java HotSpot(TM) 64-Bit Server VM, file.encoding=Cp1252, java.specification.version=1.8, hibernate.show_sql=true, hibernate.connection.pool_size=2}
INFO main org.hibernate.dialect.Dialect - HHH000400: Using dialect: org.hibernate.dialect.MySQLDialect
DEBUG main org.hibernate.cfg.Configuration - Processing hbm.xml files
DEBUG main org.hibernate.cfg.Configuration - Process annotated classes
DEBUG main org.hibernate.cfg.AnnotationBinder - Binding entity from annotated class: com.example.employee.Employee
DEBUG main org.hibernate.cfg.Ejb3Column - Binding column: Ejb3DiscriminatorColumn{logicalColumnName'DTYPE', discriminatorTypeName='string'}
DEBUG main org.hibernate.cfg.AnnotationBinder - No value specified for 'javax.persistence.sharedCache.mode'; using UNSPECIFIED
DEBUG main org.hibernate.cfg.annotations.EntityBinder - Import with entity name Employee
DEBUG main org.hibernate.cfg.annotations.EntityBinder - Bind entity com.example.employee.Employee on table Employee
DEBUG main org.hibernate.cfg.Ejb3Column - Binding column: Ejb3Column{table=org.hibernate.mapping.Table(Employee), mappingColumn=id, insertable=true, updatable=true, unique=false}
DEBUG main org.hibernate.cfg.annotations.PropertyBinder - MetadataSourceProcessor property id with lazy=false
DEBUG main org.hibernate.cfg.AbstractPropertyHolder - Attempting to locate auto-apply AttributeConverter for property [com.example.employee.Employee:id]
DEBUG main org.hibernate.cfg.annotations.SimpleValueBinder - building SimpleValue for id
DEBUG main org.hibernate.cfg.annotations.PropertyBinder - Building property id
DEBUG main org.hibernate.cfg.Ejb3Column - Binding column: Ejb3Column{table=org.hibernate.mapping.Table(Employee), mappingColumn=name, insertable=true, updatable=true, unique=false}
DEBUG main org.hibernate.cfg.annotations.PropertyBinder - MetadataSourceProcessor property name with lazy=false
DEBUG main org.hibernate.cfg.AbstractPropertyHolder - Attempting to locate auto-apply AttributeConverter for property [com.example.employee.Employee:name]
DEBUG main org.hibernate.cfg.annotations.SimpleValueBinder - building SimpleValue for name
DEBUG main org.hibernate.cfg.annotations.PropertyBinder - Building property name
DEBUG main org.hibernate.cfg.annotations.SimpleValueBinder - Starting fillSimpleValue for id
DEBUG main org.hibernate.cfg.annotations.SimpleValueBinder - Starting fillSimpleValue for name
DEBUG main org.hibernate.cfg.Configuration - Processing fk mappings (*ToOne and JoinedSubclass)
DEBUG main org.hibernate.cfg.Configuration - Processing extends queue
DEBUG main org.hibernate.cfg.Configuration - Processing extends queue
DEBUG main org.hibernate.cfg.Configuration - Processing collection mappings
DEBUG main org.hibernate.cfg.Configuration - Processing native query and ResultSetMapping mappings
DEBUG main org.hibernate.cfg.Configuration - Processing association property references
DEBUG main org.hibernate.cfg.Configuration - Creating tables' unique integer identifiers
DEBUG main org.hibernate.cfg.Configuration - Processing foreign key constraints
DEBUG main org.hibernate.id.factory.internal.DefaultIdentifierGeneratorFactory - Setting dialect [org.hibernate.dialect.MySQLDialect]
DEBUG main org.hibernate.cfg.Configuration - Processing hbm.xml files
DEBUG main org.hibernate.cfg.Configuration - Process annotated classes
DEBUG main org.hibernate.cfg.Configuration - Processing fk mappings (*ToOne and JoinedSubclass)
DEBUG main org.hibernate.cfg.Configuration - Processing extends queue
DEBUG main org.hibernate.cfg.Configuration - Processing extends queue
DEBUG main org.hibernate.cfg.Configuration - Processing collection mappings
DEBUG main org.hibernate.cfg.Configuration - Processing native query and ResultSetMapping mappings
DEBUG main org.hibernate.cfg.Configuration - Processing association property references
DEBUG main org.hibernate.cfg.Configuration - Creating tables' unique integer identifiers
DEBUG main org.hibernate.cfg.Configuration - Processing foreign key constraints
DEBUG main org.hibernate.id.factory.internal.DefaultIdentifierGeneratorFactory - Setting dialect [org.hibernate.dialect.MySQLDialect]
DEBUG main org.hibernate.id.factory.internal.DefaultIdentifierGeneratorFactory - Setting dialect [org.hibernate.dialect.MySQLDialect]
INFO main org.hibernate.tool.hbm2ddl.SchemaExport - HHH000227: Running hbm2ddl schema export
DEBUG main org.hibernate.tool.hbm2ddl.SchemaExport - Import file not found: /import.sql
DEBUG main org.hibernate.integrator.internal.IntegratorServiceImpl - Adding Integrator [org.hibernate.cfg.beanvalidation.BeanValidationIntegrator].
DEBUG main org.hibernate.integrator.internal.IntegratorServiceImpl - Adding Integrator [org.hibernate.secure.spi.JaccIntegrator].
DEBUG main org.hibernate.integrator.internal.IntegratorServiceImpl - Adding Integrator [org.hibernate.cache.internal.CollectionCacheInvalidator].
DEBUG main org.hibernate.integrator.internal.IntegratorServiceImpl - Adding Integrator [org.hibernate.envers.event.spi.EnversIntegrator].
DEBUG main org.hibernate.boot.registry.selector.internal.StrategySelectorImpl - Registering named strategy selector [org.hibernate.dialect.Dialect] : [MySQL5] -> [org.hibernate.dialect.MySQL5Dialect] (replacing [org.hibernate.dialect.MySQL5Dialect])
DEBUG main org.hibernate.boot.registry.selector.internal.StrategySelectorImpl - Registering named strategy selector [org.hibernate.dialect.Dialect] : [MySQL5InnoDB] -> [org.hibernate.dialect.MySQL5InnoDBDialect] (replacing [org.hibernate.dialect.MySQL5InnoDBDialect])
DEBUG main org.hibernate.service.spi.ServiceBinding - Overriding existing service binding [org.hibernate.secure.spi.JaccService]
WARN main org.hibernate.engine.jdbc.connections.internal.DriverManagerConnectionProviderImpl - HHH000402: Using Hibernate built-in connection pool (not for production use!)
INFO main org.hibernate.engine.jdbc.connections.internal.DriverManagerConnectionProviderImpl - HHH000401: using driver [com.mysql.jdbc.Driver] at URL [jdbc:mysql://localhost:3306/dbhibernate;create=true]
INFO main org.hibernate.engine.jdbc.connections.internal.DriverManagerConnectionProviderImpl - HHH000046: Connection properties: {user=root, password=1234}
INFO main org.hibernate.engine.jdbc.connections.internal.DriverManagerConnectionProviderImpl - HHH000006: Autocommit mode: false
INFO main org.hibernate.engine.jdbc.connections.internal.DriverManagerConnectionProviderImpl - HHH000115: Hibernate connection pool size: 2 (min=1)
DEBUG main org.hibernate.engine.jdbc.connections.internal.DriverManagerConnectionProviderImpl - Initializing Connection pool with 1 Connections
ERROR main org.hibernate.tool.hbm2ddl.SchemaExport - HHH000231: Schema export unsuccessful
org.hibernate.exception.SQLGrammarException: Error calling Driver#connect
	at org.hibernate.exception.internal.SQLStateConversionDelegate.convert(SQLStateConversionDelegate.java:123)
	at org.hibernate.engine.jdbc.connections.internal.BasicConnectionCreator$1$1.convert(BasicConnectionCreator.java:118)
	at org.hibernate.engine.jdbc.connections.internal.BasicConnectionCreator.convertSqlException(BasicConnectionCreator.java:140)
	at org.hibernate.engine.jdbc.connections.internal.DriverConnectionCreator.makeConnection(DriverConnectionCreator.java:58)
	at org.hibernate.engine.jdbc.connections.internal.BasicConnectionCreator.createConnection(BasicConnectionCreator.java:75)
	at org.hibernate.engine.jdbc.connections.internal.DriverManagerConnectionProviderImpl.getConnection(DriverManagerConnectionProviderImpl.java:233)
	at org.hibernate.engine.jdbc.internal.JdbcServicesImpl$ConnectionProviderJdbcConnectionAccess.obtainConnection(JdbcServicesImpl.java:279)
	at org.hibernate.engine.jdbc.internal.JdbcServicesImpl.configure(JdbcServicesImpl.java:124)
	at org.hibernate.boot.registry.internal.StandardServiceRegistryImpl.configureService(StandardServiceRegistryImpl.java:111)
	at org.hibernate.service.internal.AbstractServiceRegistryImpl.initializeService(AbstractServiceRegistryImpl.java:234)
	at org.hibernate.service.internal.AbstractServiceRegistryImpl.getService(AbstractServiceRegistryImpl.java:206)
	at org.hibernate.engine.jdbc.connections.internal.BasicConnectionCreator.convertSqlException(BasicConnectionCreator.java:133)
	at org.hibernate.engine.jdbc.connections.internal.DriverConnectionCreator.makeConnection(DriverConnectionCreator.java:58)
	at org.hibernate.engine.jdbc.connections.internal.BasicConnectionCreator.createConnection(BasicConnectionCreator.java:75)
	at org.hibernate.engine.jdbc.connections.internal.DriverManagerConnectionProviderImpl.configure(DriverManagerConnectionProviderImpl.java:106)
	at org.hibernate.boot.registry.internal.StandardServiceRegistryImpl.configureService(StandardServiceRegistryImpl.java:111)
	at org.hibernate.service.internal.AbstractServiceRegistryImpl.initializeService(AbstractServiceRegistryImpl.java:234)
	at org.hibernate.service.internal.AbstractServiceRegistryImpl.getService(AbstractServiceRegistryImpl.java:206)
	at org.hibernate.tool.hbm2ddl.ManagedProviderConnectionHelper.prepare(ManagedProviderConnectionHelper.java:55)
	at org.hibernate.tool.hbm2ddl.DatabaseExporter.<init>(DatabaseExporter.java:52)
	at org.hibernate.tool.hbm2ddl.SchemaExport.execute(SchemaExport.java:368)
	at org.hibernate.tool.hbm2ddl.SchemaExport.create(SchemaExport.java:305)
	at org.hibernate.tool.hbm2ddl.SchemaExport.create(SchemaExport.java:294)
	at com.example.employee.Test.main(Test.java:14)
Caused by: com.mysql.jdbc.exceptions.jdbc4.MySQLSyntaxErrorException: Unknown database 'dbhibernate;create=true'
	at sun.reflect.NativeConstructorAccessorImpl.newInstance0(Native Method)
	at sun.reflect.NativeConstructorAccessorImpl.newInstance(NativeConstructorAccessorImpl.java:62)
	at sun.reflect.DelegatingConstructorAccessorImpl.newInstance(DelegatingConstructorAccessorImpl.java:45)
	at java.lang.reflect.Constructor.newInstance(Constructor.java:423)
	at com.mysql.jdbc.Util.handleNewInstance(Util.java:411)
	at com.mysql.jdbc.Util.getInstance(Util.java:386)
	at com.mysql.jdbc.SQLError.createSQLException(SQLError.java:1052)
	at com.mysql.jdbc.MysqlIO.checkErrorPacket(MysqlIO.java:3609)
	at com.mysql.jdbc.MysqlIO.checkErrorPacket(MysqlIO.java:3541)
	at com.mysql.jdbc.MysqlIO.checkErrorPacket(MysqlIO.java:943)
	at com.mysql.jdbc.MysqlIO.secureAuth411(MysqlIO.java:4113)
	at com.mysql.jdbc.MysqlIO.doHandshake(MysqlIO.java:1308)
	at com.mysql.jdbc.ConnectionImpl.coreConnect(ConnectionImpl.java:2336)
	at com.mysql.jdbc.ConnectionImpl.connectOneTryOnly(ConnectionImpl.java:2369)
	at com.mysql.jdbc.ConnectionImpl.createNewIO(ConnectionImpl.java:2153)
	at com.mysql.jdbc.ConnectionImpl.<init>(ConnectionImpl.java:792)
	at com.mysql.jdbc.JDBC4Connection.<init>(JDBC4Connection.java:47)
	at sun.reflect.NativeConstructorAccessorImpl.newInstance0(Native Method)
	at sun.reflect.NativeConstructorAccessorImpl.newInstance(NativeConstructorAccessorImpl.java:62)
	at sun.reflect.DelegatingConstructorAccessorImpl.newInstance(DelegatingConstructorAccessorImpl.java:45)
	at java.lang.reflect.Constructor.newInstance(Constructor.java:423)
	at com.mysql.jdbc.Util.handleNewInstance(Util.java:411)
	at com.mysql.jdbc.ConnectionImpl.getInstance(ConnectionImpl.java:381)
	at com.mysql.jdbc.NonRegisteringDriver.connect(NonRegisteringDriver.java:305)
	at org.hibernate.engine.jdbc.connections.internal.DriverConnectionCreator.makeConnection(DriverConnectionCreator.java:55)
	... 20 more
INFO main org.hibernate.tool.hbm2ddl.SchemaExport - HHH000230: Schema export complete
